<?xml version="1.0" encoding="UTF-8"?>
<robot generator="Robot 3.2.2 (Python 3.6.8 on win32)" generated="20200905 20:01:33.547" rpa="false">
<suite id="s1" name="Test-Suite" source="C:\Users\DQS\Desktop\Proyectos-Dev\Robot-Framework\Test-Suite.robot">
<test id="s1-t1" name="Test-01">
<kw name="Open Browser" library="Selenium2Library">
<doc>Opens a new browser instance to the optional ``url``.</doc>
<arguments>
<arg>${URL}</arg>
<arg>${browser}</arg>
</arguments>
<msg timestamp="20200905 20:01:33.770" level="INFO">Opening browser 'Chrome' to base url 'https://vsblty-cmsv2-qa.azurewebsites.net'.</msg>
<status status="PASS" starttime="20200905 20:01:33.769" endtime="20200905 20:01:38.477"></status>
</kw>
<kw name="Input Text" library="Selenium2Library">
<doc>Types the given ``text`` into the text field identified by ``locator``.</doc>
<arguments>
<arg>name:Email</arg>
<arg>Test-Super</arg>
</arguments>
<msg timestamp="20200905 20:01:38.478" level="INFO">Typing text 'Test-Super' into text field 'name:Email'.</msg>
<status status="PASS" starttime="20200905 20:01:38.478" endtime="20200905 20:01:38.580"></status>
</kw>
<kw name="Input Text" library="Selenium2Library">
<doc>Types the given ``text`` into the text field identified by ``locator``.</doc>
<arguments>
<arg>name:Password</arg>
<arg>111111111111111111111111111111111111</arg>
</arguments>
<msg timestamp="20200905 20:01:38.580" level="INFO">Typing text '111111111111111111111111111111111111' into text field 'name:Password'.</msg>
<status status="PASS" starttime="20200905 20:01:38.580" endtime="20200905 20:01:38.730"></status>
</kw>
<kw name="Close Browser" library="Selenium2Library">
<doc>Closes the current browser.</doc>
<status status="PASS" starttime="20200905 20:01:38.731" endtime="20200905 20:01:41.007"></status>
</kw>
<status status="PASS" starttime="20200905 20:01:33.768" endtime="20200905 20:01:41.008" critical="yes"></status>
</test>
<status status="PASS" starttime="20200905 20:01:33.550" endtime="20200905 20:01:41.009"></status>
</suite>
<statistics>
<total>
<stat pass="1" fail="0">Critical Tests</stat>
<stat pass="1" fail="0">All Tests</stat>
</total>
<tag>
</tag>
<suite>
<stat pass="1" fail="0" id="s1" name="Test-Suite">Test-Suite</stat>
</suite>
</statistics>
<errors>
</errors>
</robot>
